<?xml version="1.0" encoding="UTF-8"?>
<coverage generated="1589343633533" clover="3.2.0">
  <project timestamp="1589343633534" name="All files">
    <metrics statements="83" coveredstatements="83" conditionals="14" coveredconditionals="14" methods="27" coveredmethods="27" elements="124" coveredelements="124" complexity="0" loc="83" ncloc="83" packages="2" files="5" classes="5"/>
    <package name="lib">
      <metrics statements="75" coveredstatements="75" conditionals="14" coveredconditionals="14" methods="27" coveredmethods="27"/>
      <file name="cli.js" path="C:\Users\Usuario\Desktop\recover\LIM012-fe-md-links\lib\cli.js">
        <metrics statements="9" coveredstatements="9" conditionals="2" coveredconditionals="2" methods="4" coveredmethods="4"/>
        <line num="2" count="1" type="stmt"/>
        <line num="3" count="2" type="stmt"/>
        <line num="4" count="7" type="stmt"/>
        <line num="5" count="2" type="stmt"/>
        <line num="10" count="1" type="stmt"/>
        <line num="11" count="1" type="stmt"/>
        <line num="12" count="4" type="cond" truecount="2" falsecount="0"/>
        <line num="13" count="1" type="stmt"/>
        <line num="19" count="1" type="stmt"/>
      </file>
      <file name="md-links.js" path="C:\Users\Usuario\Desktop\recover\LIM012-fe-md-links\lib\md-links.js">
        <metrics statements="32" coveredstatements="32" conditionals="6" coveredconditionals="6" methods="10" coveredmethods="10"/>
        <line num="3" count="1" type="stmt"/>
        <line num="4" count="1" type="stmt"/>
        <line num="5" count="1" type="stmt"/>
        <line num="6" count="1" type="stmt"/>
        <line num="9" count="1" type="stmt"/>
        <line num="10" count="1" type="stmt"/>
        <line num="12" count="79" type="stmt"/>
        <line num="15" count="1" type="stmt"/>
        <line num="16" count="7" type="stmt"/>
        <line num="17" count="7" type="stmt"/>
        <line num="18" count="7" type="stmt"/>
        <line num="19" count="78" type="stmt"/>
        <line num="24" count="78" type="stmt"/>
        <line num="26" count="7" type="stmt"/>
        <line num="30" count="1" type="stmt"/>
        <line num="31" count="6" type="stmt"/>
        <line num="32" count="6" type="stmt"/>
        <line num="33" count="7" type="stmt"/>
        <line num="34" count="7" type="stmt"/>
        <line num="35" count="7" type="stmt"/>
        <line num="36" count="7" type="stmt"/>
        <line num="38" count="6" type="stmt"/>
        <line num="42" count="5" type="stmt"/>
        <line num="43" count="5" type="stmt"/>
        <line num="44" count="5" type="cond" truecount="2" falsecount="0"/>
        <line num="45" count="5" type="cond" truecount="2" falsecount="0"/>
        <line num="46" count="5" type="stmt"/>
        <line num="47" count="5" type="cond" truecount="2" falsecount="0"/>
        <line num="48" count="3" type="stmt"/>
        <line num="50" count="2" type="stmt"/>
        <line num="52" count="5" type="stmt"/>
        <line num="55" count="1" type="stmt"/>
      </file>
      <file name="path.js" path="C:\Users\Usuario\Desktop\recover\LIM012-fe-md-links\lib\path.js">
        <metrics statements="21" coveredstatements="21" conditionals="6" coveredconditionals="6" methods="7" coveredmethods="7"/>
        <line num="2" count="2" type="stmt"/>
        <line num="3" count="2" type="stmt"/>
        <line num="6" count="17" type="stmt"/>
        <line num="8" count="10" type="cond" truecount="2" falsecount="0"/>
        <line num="11" count="19" type="stmt"/>
        <line num="14" count="2" type="stmt"/>
        <line num="15" count="5" type="stmt"/>
        <line num="16" count="5" type="stmt"/>
        <line num="17" count="5" type="stmt"/>
        <line num="18" count="5" type="stmt"/>
        <line num="19" count="13" type="stmt"/>
        <line num="20" count="13" type="cond" truecount="2" falsecount="0"/>
        <line num="21" count="1" type="stmt"/>
        <line num="23" count="12" type="stmt"/>
        <line num="26" count="5" type="stmt"/>
        <line num="30" count="2" type="stmt"/>
        <line num="31" count="7" type="stmt"/>
        <line num="32" count="7" type="cond" truecount="2" falsecount="0"/>
        <line num="33" count="14" type="stmt"/>
        <line num="35" count="7" type="stmt"/>
        <line num="38" count="2" type="stmt"/>
      </file>
      <file name="urlValidate.js" path="C:\Users\Usuario\Desktop\recover\LIM012-fe-md-links\lib\urlValidate.js">
        <metrics statements="13" coveredstatements="13" conditionals="0" coveredconditionals="0" methods="6" coveredmethods="6"/>
        <line num="3" count="1" type="stmt"/>
        <line num="5" count="1" type="stmt"/>
        <line num="6" count="24" type="stmt"/>
        <line num="7" count="24" type="stmt"/>
        <line num="8" count="24" type="stmt"/>
        <line num="10" count="22" type="stmt"/>
        <line num="11" count="22" type="stmt"/>
        <line num="12" count="22" type="stmt"/>
        <line num="15" count="2" type="stmt"/>
        <line num="16" count="2" type="stmt"/>
        <line num="17" count="2" type="stmt"/>
        <line num="20" count="2" type="stmt"/>
        <line num="22" count="1" type="stmt"/>
      </file>
    </package>
    <package name="test">
      <metrics statements="8" coveredstatements="8" conditionals="0" coveredconditionals="0" methods="0" coveredmethods="0"/>
      <file name="recursosOutputs.js" path="C:\Users\Usuario\Desktop\recover\LIM012-fe-md-links\test\recursosOutputs.js">
        <metrics statements="8" coveredstatements="8" conditionals="0" coveredconditionals="0" methods="0" coveredmethods="0"/>
        <line num="1" count="1" type="stmt"/>
        <line num="2" count="1" type="stmt"/>
        <line num="6" count="1" type="stmt"/>
        <line num="97" count="1" type="stmt"/>
        <line num="159" count="1" type="stmt"/>
        <line num="220" count="1" type="stmt"/>
        <line num="305" count="1" type="stmt"/>
        <line num="390" count="1" type="stmt"/>
      </file>
    </package>
  </project>
</coverage>
