{"C:\\Users\\Usuario\\Desktop\\recover\\LIM012-fe-md-links\\lib\\cli.js": {"path":"C:\\Users\\Usuario\\Desktop\\recover\\LIM012-fe-md-links\\lib\\cli.js","statementMap":{"0":{"start":{"line":2,"column":14},"end":{"line":9,"column":1}},"1":{"start":{"line":3,"column":15},"end":{"line":3,"column":25}},"2":{"start":{"line":4,"column":19},"end":{"line":4,"column":66}},"3":{"start":{"line":4,"column":48},"end":{"line":4,"column":56}},"4":{"start":{"line":5,"column":2},"end":{"line":8,"column":4}},"5":{"start":{"line":10,"column":22},"end":{"line":14,"column":1}},"6":{"start":{"line":11,"column":19},"end":{"line":11,"column":29}},"7":{"start":{"line":12,"column":2},"end":{"line":12,"column":98}},"8":{"start":{"line":12,"column":41},"end":{"line":12,"column":89}},"9":{"start":{"line":13,"column":2},"end":{"line":13,"column":18}},"10":{"start":{"line":19,"column":0},"end":{"line":22,"column":2}}},"fnMap":{"0":{"name":"(anonymous_0)","decl":{"start":{"line":2,"column":14},"end":{"line":2,"column":15}},"loc":{"start":{"line":2,"column":23},"end":{"line":9,"column":1}},"line":2},"1":{"name":"(anonymous_1)","decl":{"start":{"line":4,"column":39},"end":{"line":4,"column":40}},"loc":{"start":{"line":4,"column":48},"end":{"line":4,"column":56}},"line":4},"2":{"name":"(anonymous_2)","decl":{"start":{"line":10,"column":22},"end":{"line":10,"column":23}},"loc":{"start":{"line":10,"column":31},"end":{"line":14,"column":1}},"line":10},"3":{"name":"(anonymous_3)","decl":{"start":{"line":12,"column":31},"end":{"line":12,"column":32}},"loc":{"start":{"line":12,"column":41},"end":{"line":12,"column":89}},"line":12}},"branchMap":{"0":{"loc":{"start":{"line":12,"column":41},"end":{"line":12,"column":89}},"type":"binary-expr","locations":[{"start":{"line":12,"column":41},"end":{"line":12,"column":59}},{"start":{"line":12,"column":63},"end":{"line":12,"column":89}}],"line":12}},"s":{"0":1,"1":2,"2":2,"3":7,"4":2,"5":1,"6":1,"7":1,"8":4,"9":1,"10":1},"f":{"0":2,"1":7,"2":1,"3":4},"b":{"0":[4,4]},"_coverageSchema":"1a1c01bbd47fc00a2c39e90264f33305004495a9","hash":"14a18573f5a64e7cd23c43e12a1f7b3d5e4064a0"}
,"C:\\Users\\Usuario\\Desktop\\recover\\LIM012-fe-md-links\\lib\\md-links.js": {"path":"C:\\Users\\Usuario\\Desktop\\recover\\LIM012-fe-md-links\\lib\\md-links.js","statementMap":{"0":{"start":{"line":3,"column":11},"end":{"line":3,"column":24}},"1":{"start":{"line":4,"column":17},"end":{"line":4,"column":36}},"2":{"start":{"line":5,"column":16},"end":{"line":5,"column":34}},"3":{"start":{"line":6,"column":13},"end":{"line":6,"column":28}},"4":{"start":{"line":9,"column":4},"end":{"line":9,"column":24}},"5":{"start":{"line":10,"column":24},"end":{"line":10,"column":51}},"6":{"start":{"line":12,"column":18},"end":{"line":12,"column":49}},"7":{"start":{"line":12,"column":28},"end":{"line":12,"column":49}},"8":{"start":{"line":15,"column":31},"end":{"line":27,"column":1}},"9":{"start":{"line":16,"column":29},"end":{"line":16,"column":31}},"10":{"start":{"line":17,"column":12},"end":{"line":17,"column":35}},"11":{"start":{"line":18,"column":2},"end":{"line":25,"column":5}},"12":{"start":{"line":19,"column":21},"end":{"line":23,"column":5}},"13":{"start":{"line":24,"column":4},"end":{"line":24,"column":65}},"14":{"start":{"line":26,"column":2},"end":{"line":26,"column":30}},"15":{"start":{"line":30,"column":21},"end":{"line":39,"column":1}},"16":{"start":{"line":31,"column":20},"end":{"line":31,"column":22}},"17":{"start":{"line":32,"column":2},"end":{"line":37,"column":5}},"18":{"start":{"line":33,"column":20},"end":{"line":33,"column":87}},"19":{"start":{"line":33,"column":44},"end":{"line":33,"column":87}},"20":{"start":{"line":34,"column":26},"end":{"line":34,"column":109}},"21":{"start":{"line":34,"column":37},"end":{"line":34,"column":109}},"22":{"start":{"line":35,"column":22},"end":{"line":35,"column":52}},"23":{"start":{"line":36,"column":4},"end":{"line":36,"column":80}},"24":{"start":{"line":38,"column":2},"end":{"line":38,"column":21}},"25":{"start":{"line":42,"column":16},"end":{"line":52,"column":25}},"26":{"start":{"line":42,"column":36},"end":{"line":52,"column":25}},"27":{"start":{"line":43,"column":17},"end":{"line":43,"column":19}},"28":{"start":{"line":44,"column":23},"end":{"line":44,"column":82}},"29":{"start":{"line":45,"column":25},"end":{"line":45,"column":100}},"30":{"start":{"line":46,"column":2},"end":{"line":46,"column":45}},"31":{"start":{"line":47,"column":2},"end":{"line":51,"column":3}},"32":{"start":{"line":48,"column":4},"end":{"line":48,"column":51}},"33":{"start":{"line":50,"column":4},"end":{"line":50,"column":66}},"34":{"start":{"line":52,"column":19},"end":{"line":52,"column":23}},"35":{"start":{"line":55,"column":0},"end":{"line":60,"column":2}}},"fnMap":{"0":{"name":"(anonymous_0)","decl":{"start":{"line":12,"column":18},"end":{"line":12,"column":19}},"loc":{"start":{"line":12,"column":28},"end":{"line":12,"column":49}},"line":12},"1":{"name":"(anonymous_1)","decl":{"start":{"line":15,"column":31},"end":{"line":15,"column":32}},"loc":{"start":{"line":15,"column":52},"end":{"line":27,"column":1}},"line":15},"2":{"name":"(anonymous_2)","decl":{"start":{"line":18,"column":14},"end":{"line":18,"column":15}},"loc":{"start":{"line":18,"column":25},"end":{"line":25,"column":3}},"line":18},"3":{"name":"(anonymous_3)","decl":{"start":{"line":30,"column":21},"end":{"line":30,"column":22}},"loc":{"start":{"line":30,"column":30},"end":{"line":39,"column":1}},"line":30},"4":{"name":"(anonymous_4)","decl":{"start":{"line":32,"column":14},"end":{"line":32,"column":15}},"loc":{"start":{"line":32,"column":26},"end":{"line":37,"column":3}},"line":32},"5":{"name":"(anonymous_5)","decl":{"start":{"line":33,"column":20},"end":{"line":33,"column":21}},"loc":{"start":{"line":33,"column":44},"end":{"line":33,"column":87}},"line":33},"6":{"name":"(anonymous_6)","decl":{"start":{"line":34,"column":26},"end":{"line":34,"column":27}},"loc":{"start":{"line":34,"column":37},"end":{"line":34,"column":109}},"line":34},"7":{"name":"(anonymous_7)","decl":{"start":{"line":42,"column":16},"end":{"line":42,"column":17}},"loc":{"start":{"line":42,"column":36},"end":{"line":52,"column":25}},"line":42},"8":{"name":"(anonymous_8)","decl":{"start":{"line":42,"column":48},"end":{"line":42,"column":49}},"loc":{"start":{"line":42,"column":61},"end":{"line":52,"column":1}},"line":42},"9":{"name":"(anonymous_9)","decl":{"start":{"line":52,"column":8},"end":{"line":52,"column":9}},"loc":{"start":{"line":52,"column":19},"end":{"line":52,"column":23}},"line":52}},"branchMap":{"0":{"loc":{"start":{"line":44,"column":23},"end":{"line":44,"column":82}},"type":"cond-expr","locations":[{"start":{"line":44,"column":47},"end":{"line":44,"column":52}},{"start":{"line":44,"column":56},"end":{"line":44,"column":82}}],"line":44},"1":{"loc":{"start":{"line":45,"column":25},"end":{"line":45,"column":100}},"type":"cond-expr","locations":[{"start":{"line":45,"column":55},"end":{"line":45,"column":81}},{"start":{"line":45,"column":85},"end":{"line":45,"column":99}}],"line":45},"2":{"loc":{"start":{"line":47,"column":2},"end":{"line":51,"column":3}},"type":"if","locations":[{"start":{"line":47,"column":2},"end":{"line":51,"column":3}},{"start":{"line":47,"column":2},"end":{"line":51,"column":3}}],"line":47}},"s":{"0":1,"1":1,"2":1,"3":1,"4":1,"5":1,"6":1,"7":79,"8":1,"9":7,"10":7,"11":7,"12":78,"13":78,"14":7,"15":1,"16":6,"17":6,"18":7,"19":7,"20":7,"21":7,"22":7,"23":7,"24":6,"25":1,"26":5,"27":5,"28":5,"29":5,"30":5,"31":5,"32":3,"33":2,"34":5,"35":1},"f":{"0":79,"1":7,"2":78,"3":6,"4":7,"5":7,"6":7,"7":5,"8":5,"9":5},"b":{"0":[1,4],"1":[3,2],"2":[3,2]},"_coverageSchema":"1a1c01bbd47fc00a2c39e90264f33305004495a9","hash":"c09f2d9a59f1837649ddff0c5608de969d2ce453"}
,"C:\\Users\\Usuario\\Desktop\\recover\\LIM012-fe-md-links\\lib\\path.js": {"path":"C:\\Users\\Usuario\\Desktop\\recover\\LIM012-fe-md-links\\lib\\path.js","statementMap":{"0":{"start":{"line":2,"column":13},"end":{"line":2,"column":28}},"1":{"start":{"line":3,"column":11},"end":{"line":3,"column":24}},"2":{"start":{"line":6,"column":22},"end":{"line":6,"column":55}},"3":{"start":{"line":6,"column":33},"end":{"line":6,"column":55}},"4":{"start":{"line":8,"column":28},"end":{"line":8,"column":103}},"5":{"start":{"line":8,"column":40},"end":{"line":8,"column":102}},"6":{"start":{"line":11,"column":20},"end":{"line":11,"column":63}},"7":{"start":{"line":11,"column":31},"end":{"line":11,"column":63}},"8":{"start":{"line":14,"column":21},"end":{"line":27,"column":1}},"9":{"start":{"line":15,"column":15},"end":{"line":15,"column":48}},"10":{"start":{"line":16,"column":17},"end":{"line":16,"column":19}},"11":{"start":{"line":17,"column":27},"end":{"line":17,"column":47}},"12":{"start":{"line":18,"column":2},"end":{"line":25,"column":5}},"13":{"start":{"line":19,"column":26},"end":{"line":19,"column":47}},"14":{"start":{"line":20,"column":4},"end":{"line":24,"column":5}},"15":{"start":{"line":21,"column":6},"end":{"line":21,"column":62}},"16":{"start":{"line":23,"column":6},"end":{"line":23,"column":35}},"17":{"start":{"line":26,"column":2},"end":{"line":26,"column":18}},"18":{"start":{"line":30,"column":22},"end":{"line":36,"column":1}},"19":{"start":{"line":31,"column":14},"end":{"line":31,"column":16}},"20":{"start":{"line":32,"column":2},"end":{"line":34,"column":3}},"21":{"start":{"line":33,"column":4},"end":{"line":33,"column":94}},"22":{"start":{"line":33,"column":58},"end":{"line":33,"column":90}},"23":{"start":{"line":35,"column":2},"end":{"line":35,"column":15}},"24":{"start":{"line":38,"column":0},"end":{"line":44,"column":2}}},"fnMap":{"0":{"name":"(anonymous_0)","decl":{"start":{"line":6,"column":22},"end":{"line":6,"column":23}},"loc":{"start":{"line":6,"column":33},"end":{"line":6,"column":55}},"line":6},"1":{"name":"(anonymous_1)","decl":{"start":{"line":8,"column":28},"end":{"line":8,"column":29}},"loc":{"start":{"line":8,"column":40},"end":{"line":8,"column":102}},"line":8},"2":{"name":"(anonymous_2)","decl":{"start":{"line":11,"column":20},"end":{"line":11,"column":21}},"loc":{"start":{"line":11,"column":31},"end":{"line":11,"column":63}},"line":11},"3":{"name":"(anonymous_3)","decl":{"start":{"line":14,"column":21},"end":{"line":14,"column":22}},"loc":{"start":{"line":14,"column":39},"end":{"line":27,"column":1}},"line":14},"4":{"name":"(anonymous_4)","decl":{"start":{"line":18,"column":27},"end":{"line":18,"column":28}},"loc":{"start":{"line":18,"column":37},"end":{"line":25,"column":3}},"line":18},"5":{"name":"(anonymous_5)","decl":{"start":{"line":30,"column":22},"end":{"line":30,"column":23}},"loc":{"start":{"line":30,"column":38},"end":{"line":36,"column":1}},"line":30},"6":{"name":"(anonymous_6)","decl":{"start":{"line":33,"column":44},"end":{"line":33,"column":45}},"loc":{"start":{"line":33,"column":58},"end":{"line":33,"column":90}},"line":33}},"branchMap":{"0":{"loc":{"start":{"line":8,"column":40},"end":{"line":8,"column":102}},"type":"cond-expr","locations":[{"start":{"line":8,"column":75},"end":{"line":8,"column":94}},{"start":{"line":8,"column":97},"end":{"line":8,"column":102}}],"line":8},"1":{"loc":{"start":{"line":20,"column":4},"end":{"line":24,"column":5}},"type":"if","locations":[{"start":{"line":20,"column":4},"end":{"line":24,"column":5}},{"start":{"line":20,"column":4},"end":{"line":24,"column":5}}],"line":20},"2":{"loc":{"start":{"line":32,"column":2},"end":{"line":34,"column":3}},"type":"if","locations":[{"start":{"line":32,"column":2},"end":{"line":34,"column":3}},{"start":{"line":32,"column":2},"end":{"line":34,"column":3}}],"line":32}},"s":{"0":2,"1":2,"2":2,"3":17,"4":2,"5":10,"6":2,"7":19,"8":2,"9":5,"10":5,"11":5,"12":5,"13":13,"14":13,"15":1,"16":12,"17":5,"18":2,"19":7,"20":7,"21":6,"22":14,"23":7,"24":2},"f":{"0":17,"1":10,"2":19,"3":5,"4":13,"5":7,"6":14},"b":{"0":[5,5],"1":[1,12],"2":[6,1]},"_coverageSchema":"1a1c01bbd47fc00a2c39e90264f33305004495a9","hash":"560f4ec71ca2a42b46ab7bcf9737185b50bf2ceb"}
,"C:\\Users\\Usuario\\Desktop\\recover\\LIM012-fe-md-links\\lib\\urlValidate.js": {"path":"C:\\Users\\Usuario\\Desktop\\recover\\LIM012-fe-md-links\\lib\\urlValidate.js","statementMap":{"0":{"start":{"line":3,"column":14},"end":{"line":3,"column":35}},"1":{"start":{"line":5,"column":20},"end":{"line":21,"column":1}},"2":{"start":{"line":6,"column":16},"end":{"line":19,"column":5}},"3":{"start":{"line":6,"column":47},"end":{"line":19,"column":4}},"4":{"start":{"line":7,"column":20},"end":{"line":7,"column":49}},"5":{"start":{"line":8,"column":4},"end":{"line":18,"column":9}},"6":{"start":{"line":10,"column":8},"end":{"line":10,"column":47}},"7":{"start":{"line":11,"column":8},"end":{"line":11,"column":55}},"8":{"start":{"line":12,"column":8},"end":{"line":12,"column":37}},"9":{"start":{"line":15,"column":8},"end":{"line":15,"column":38}},"10":{"start":{"line":16,"column":8},"end":{"line":16,"column":46}},"11":{"start":{"line":17,"column":8},"end":{"line":17,"column":37}},"12":{"start":{"line":20,"column":2},"end":{"line":20,"column":51}},"13":{"start":{"line":20,"column":44},"end":{"line":20,"column":48}},"14":{"start":{"line":22,"column":0},"end":{"line":24,"column":2}}},"fnMap":{"0":{"name":"(anonymous_0)","decl":{"start":{"line":5,"column":20},"end":{"line":5,"column":21}},"loc":{"start":{"line":5,"column":29},"end":{"line":21,"column":1}},"line":5},"1":{"name":"(anonymous_1)","decl":{"start":{"line":6,"column":24},"end":{"line":6,"column":25}},"loc":{"start":{"line":6,"column":47},"end":{"line":19,"column":4}},"line":6},"2":{"name":"(anonymous_2)","decl":{"start":{"line":6,"column":59},"end":{"line":6,"column":60}},"loc":{"start":{"line":6,"column":72},"end":{"line":19,"column":3}},"line":6},"3":{"name":"(anonymous_3)","decl":{"start":{"line":9,"column":12},"end":{"line":9,"column":13}},"loc":{"start":{"line":9,"column":22},"end":{"line":13,"column":7}},"line":9},"4":{"name":"(anonymous_4)","decl":{"start":{"line":14,"column":13},"end":{"line":14,"column":14}},"loc":{"start":{"line":14,"column":22},"end":{"line":18,"column":7}},"line":14},"5":{"name":"(anonymous_5)","decl":{"start":{"line":20,"column":33},"end":{"line":20,"column":34}},"loc":{"start":{"line":20,"column":44},"end":{"line":20,"column":48}},"line":20}},"branchMap":{},"s":{"0":1,"1":1,"2":2,"3":24,"4":24,"5":24,"6":22,"7":22,"8":22,"9":2,"10":2,"11":2,"12":2,"13":2,"14":1},"f":{"0":2,"1":24,"2":24,"3":22,"4":2,"5":2},"b":{},"_coverageSchema":"1a1c01bbd47fc00a2c39e90264f33305004495a9","hash":"eeebe3b942d247cf3ed3a0f0ffaf2e7be664a3aa"}
,"C:\\Users\\Usuario\\Desktop\\recover\\LIM012-fe-md-links\\test\\recursosOutputs.js": {"path":"C:\\Users\\Usuario\\Desktop\\recover\\LIM012-fe-md-links\\test\\recursosOutputs.js","statementMap":{"0":{"start":{"line":1,"column":13},"end":{"line":1,"column":28}},"1":{"start":{"line":2,"column":25},"end":{"line":5,"column":3}},"2":{"start":{"line":6,"column":24},"end":{"line":96,"column":3}},"3":{"start":{"line":97,"column":22},"end":{"line":157,"column":3}},"4":{"start":{"line":159,"column":25},"end":{"line":219,"column":3}},"5":{"start":{"line":220,"column":33},"end":{"line":304,"column":3}},"6":{"start":{"line":305,"column":35},"end":{"line":389,"column":3}},"7":{"start":{"line":390,"column":0},"end":{"line":397,"column":1}}},"fnMap":{},"branchMap":{},"s":{"0":1,"1":1,"2":1,"3":1,"4":1,"5":1,"6":1,"7":1},"f":{},"b":{},"_coverageSchema":"1a1c01bbd47fc00a2c39e90264f33305004495a9","hash":"11112de9a27fe1601831e7f93f397d5391e703cd"}
}
