{"C:\\Users\\Usuario\\Desktop\\LIM012-fe-md-links\\src\\cli.js": {"path":"C:\\Users\\Usuario\\Desktop\\LIM012-fe-md-links\\src\\cli.js","statementMap":{"0":{"start":{"line":2,"column":14},"end":{"line":9,"column":1}},"1":{"start":{"line":3,"column":15},"end":{"line":3,"column":25}},"2":{"start":{"line":4,"column":19},"end":{"line":4,"column":66}},"3":{"start":{"line":4,"column":48},"end":{"line":4,"column":56}},"4":{"start":{"line":5,"column":2},"end":{"line":8,"column":4}},"5":{"start":{"line":10,"column":22},"end":{"line":14,"column":1}},"6":{"start":{"line":11,"column":19},"end":{"line":11,"column":29}},"7":{"start":{"line":12,"column":2},"end":{"line":12,"column":98}},"8":{"start":{"line":12,"column":41},"end":{"line":12,"column":89}},"9":{"start":{"line":13,"column":2},"end":{"line":13,"column":18}},"10":{"start":{"line":19,"column":0},"end":{"line":22,"column":2}}},"fnMap":{"0":{"name":"(anonymous_0)","decl":{"start":{"line":2,"column":14},"end":{"line":2,"column":15}},"loc":{"start":{"line":2,"column":23},"end":{"line":9,"column":1}},"line":2},"1":{"name":"(anonymous_1)","decl":{"start":{"line":4,"column":39},"end":{"line":4,"column":40}},"loc":{"start":{"line":4,"column":48},"end":{"line":4,"column":56}},"line":4},"2":{"name":"(anonymous_2)","decl":{"start":{"line":10,"column":22},"end":{"line":10,"column":23}},"loc":{"start":{"line":10,"column":31},"end":{"line":14,"column":1}},"line":10},"3":{"name":"(anonymous_3)","decl":{"start":{"line":12,"column":31},"end":{"line":12,"column":32}},"loc":{"start":{"line":12,"column":41},"end":{"line":12,"column":89}},"line":12}},"branchMap":{"0":{"loc":{"start":{"line":12,"column":41},"end":{"line":12,"column":89}},"type":"binary-expr","locations":[{"start":{"line":12,"column":41},"end":{"line":12,"column":59}},{"start":{"line":12,"column":63},"end":{"line":12,"column":89}}],"line":12}},"s":{"0":1,"1":2,"2":2,"3":7,"4":2,"5":1,"6":1,"7":1,"8":4,"9":1,"10":1},"f":{"0":2,"1":7,"2":1,"3":4},"b":{"0":[4,4]},"_coverageSchema":"1a1c01bbd47fc00a2c39e90264f33305004495a9","hash":"f6d7cffc594b07ac95fb42869850b5dc9abb212e"}
,"C:\\Users\\Usuario\\Desktop\\LIM012-fe-md-links\\src\\md-links.js": {"path":"C:\\Users\\Usuario\\Desktop\\LIM012-fe-md-links\\src\\md-links.js","statementMap":{"0":{"start":{"line":3,"column":11},"end":{"line":3,"column":24}},"1":{"start":{"line":4,"column":17},"end":{"line":4,"column":36}},"2":{"start":{"line":5,"column":16},"end":{"line":5,"column":34}},"3":{"start":{"line":6,"column":13},"end":{"line":6,"column":28}},"4":{"start":{"line":7,"column":14},"end":{"line":7,"column":35}},"5":{"start":{"line":10,"column":4},"end":{"line":10,"column":24}},"6":{"start":{"line":12,"column":18},"end":{"line":12,"column":49}},"7":{"start":{"line":12,"column":28},"end":{"line":12,"column":49}},"8":{"start":{"line":15,"column":21},"end":{"line":37,"column":1}},"9":{"start":{"line":16,"column":20},"end":{"line":16,"column":22}},"10":{"start":{"line":17,"column":2},"end":{"line":35,"column":5}},"11":{"start":{"line":18,"column":20},"end":{"line":18,"column":87}},"12":{"start":{"line":18,"column":44},"end":{"line":18,"column":87}},"13":{"start":{"line":19,"column":26},"end":{"line":19,"column":109}},"14":{"start":{"line":19,"column":37},"end":{"line":19,"column":109}},"15":{"start":{"line":20,"column":22},"end":{"line":20,"column":52}},"16":{"start":{"line":21,"column":35},"end":{"line":33,"column":5}},"17":{"start":{"line":22,"column":33},"end":{"line":22,"column":35}},"18":{"start":{"line":23,"column":16},"end":{"line":23,"column":39}},"19":{"start":{"line":24,"column":6},"end":{"line":31,"column":9}},"20":{"start":{"line":25,"column":25},"end":{"line":29,"column":9}},"21":{"start":{"line":30,"column":8},"end":{"line":30,"column":69}},"22":{"start":{"line":32,"column":6},"end":{"line":32,"column":34}},"23":{"start":{"line":34,"column":4},"end":{"line":34,"column":72}},"24":{"start":{"line":36,"column":2},"end":{"line":36,"column":21}},"25":{"start":{"line":39,"column":20},"end":{"line":55,"column":1}},"26":{"start":{"line":40,"column":16},"end":{"line":53,"column":5}},"27":{"start":{"line":40,"column":47},"end":{"line":53,"column":4}},"28":{"start":{"line":41,"column":20},"end":{"line":41,"column":49}},"29":{"start":{"line":42,"column":4},"end":{"line":52,"column":9}},"30":{"start":{"line":44,"column":8},"end":{"line":44,"column":47}},"31":{"start":{"line":45,"column":8},"end":{"line":45,"column":55}},"32":{"start":{"line":46,"column":8},"end":{"line":46,"column":37}},"33":{"start":{"line":49,"column":8},"end":{"line":49,"column":38}},"34":{"start":{"line":50,"column":8},"end":{"line":50,"column":46}},"35":{"start":{"line":51,"column":8},"end":{"line":51,"column":37}},"36":{"start":{"line":54,"column":2},"end":{"line":54,"column":51}},"37":{"start":{"line":54,"column":44},"end":{"line":54,"column":48}},"38":{"start":{"line":61,"column":16},"end":{"line":74,"column":25}},"39":{"start":{"line":61,"column":36},"end":{"line":74,"column":25}},"40":{"start":{"line":62,"column":17},"end":{"line":62,"column":19}},"41":{"start":{"line":63,"column":23},"end":{"line":63,"column":49}},"42":{"start":{"line":64,"column":2},"end":{"line":68,"column":3}},"43":{"start":{"line":65,"column":4},"end":{"line":65,"column":59}},"44":{"start":{"line":67,"column":4},"end":{"line":67,"column":47}},"45":{"start":{"line":69,"column":2},"end":{"line":73,"column":3}},"46":{"start":{"line":70,"column":4},"end":{"line":70,"column":51}},"47":{"start":{"line":72,"column":4},"end":{"line":72,"column":66}},"48":{"start":{"line":74,"column":19},"end":{"line":74,"column":23}},"49":{"start":{"line":80,"column":0},"end":{"line":85,"column":2}}},"fnMap":{"0":{"name":"(anonymous_0)","decl":{"start":{"line":12,"column":18},"end":{"line":12,"column":19}},"loc":{"start":{"line":12,"column":28},"end":{"line":12,"column":49}},"line":12},"1":{"name":"(anonymous_1)","decl":{"start":{"line":15,"column":21},"end":{"line":15,"column":22}},"loc":{"start":{"line":15,"column":30},"end":{"line":37,"column":1}},"line":15},"2":{"name":"(anonymous_2)","decl":{"start":{"line":17,"column":14},"end":{"line":17,"column":15}},"loc":{"start":{"line":17,"column":26},"end":{"line":35,"column":3}},"line":17},"3":{"name":"(anonymous_3)","decl":{"start":{"line":18,"column":20},"end":{"line":18,"column":21}},"loc":{"start":{"line":18,"column":44},"end":{"line":18,"column":87}},"line":18},"4":{"name":"(anonymous_4)","decl":{"start":{"line":19,"column":26},"end":{"line":19,"column":27}},"loc":{"start":{"line":19,"column":37},"end":{"line":19,"column":109}},"line":19},"5":{"name":"(anonymous_5)","decl":{"start":{"line":21,"column":35},"end":{"line":21,"column":36}},"loc":{"start":{"line":21,"column":50},"end":{"line":33,"column":5}},"line":21},"6":{"name":"(anonymous_6)","decl":{"start":{"line":24,"column":18},"end":{"line":24,"column":19}},"loc":{"start":{"line":24,"column":29},"end":{"line":31,"column":7}},"line":24},"7":{"name":"(anonymous_7)","decl":{"start":{"line":39,"column":20},"end":{"line":39,"column":21}},"loc":{"start":{"line":39,"column":29},"end":{"line":55,"column":1}},"line":39},"8":{"name":"(anonymous_8)","decl":{"start":{"line":40,"column":24},"end":{"line":40,"column":25}},"loc":{"start":{"line":40,"column":47},"end":{"line":53,"column":4}},"line":40},"9":{"name":"(anonymous_9)","decl":{"start":{"line":40,"column":59},"end":{"line":40,"column":60}},"loc":{"start":{"line":40,"column":72},"end":{"line":53,"column":3}},"line":40},"10":{"name":"(anonymous_10)","decl":{"start":{"line":43,"column":12},"end":{"line":43,"column":13}},"loc":{"start":{"line":43,"column":22},"end":{"line":47,"column":7}},"line":43},"11":{"name":"(anonymous_11)","decl":{"start":{"line":48,"column":13},"end":{"line":48,"column":14}},"loc":{"start":{"line":48,"column":22},"end":{"line":52,"column":7}},"line":48},"12":{"name":"(anonymous_12)","decl":{"start":{"line":54,"column":33},"end":{"line":54,"column":34}},"loc":{"start":{"line":54,"column":44},"end":{"line":54,"column":48}},"line":54},"13":{"name":"(anonymous_13)","decl":{"start":{"line":61,"column":16},"end":{"line":61,"column":17}},"loc":{"start":{"line":61,"column":36},"end":{"line":74,"column":25}},"line":61},"14":{"name":"(anonymous_14)","decl":{"start":{"line":61,"column":48},"end":{"line":61,"column":49}},"loc":{"start":{"line":61,"column":61},"end":{"line":74,"column":1}},"line":61},"15":{"name":"(anonymous_15)","decl":{"start":{"line":74,"column":8},"end":{"line":74,"column":9}},"loc":{"start":{"line":74,"column":19},"end":{"line":74,"column":23}},"line":74}},"branchMap":{"0":{"loc":{"start":{"line":64,"column":2},"end":{"line":68,"column":3}},"type":"if","locations":[{"start":{"line":64,"column":2},"end":{"line":68,"column":3}},{"start":{"line":64,"column":2},"end":{"line":68,"column":3}}],"line":64},"1":{"loc":{"start":{"line":69,"column":2},"end":{"line":73,"column":3}},"type":"if","locations":[{"start":{"line":69,"column":2},"end":{"line":73,"column":3}},{"start":{"line":69,"column":2},"end":{"line":73,"column":3}}],"line":69}},"s":{"0":1,"1":1,"2":1,"3":1,"4":1,"5":1,"6":1,"7":62,"8":1,"9":5,"10":5,"11":6,"12":6,"13":6,"14":6,"15":6,"16":6,"17":6,"18":6,"19":6,"20":61,"21":61,"22":6,"23":6,"24":5,"25":1,"26":2,"27":22,"28":22,"29":22,"30":20,"31":20,"32":20,"33":2,"34":2,"35":2,"36":2,"37":2,"38":1,"39":4,"40":4,"41":4,"42":4,"43":2,"44":2,"45":4,"46":2,"47":2,"48":4,"49":1},"f":{"0":62,"1":5,"2":6,"3":6,"4":6,"5":6,"6":61,"7":2,"8":22,"9":22,"10":20,"11":2,"12":2,"13":4,"14":4,"15":4},"b":{"0":[2,2],"1":[2,2]},"_coverageSchema":"1a1c01bbd47fc00a2c39e90264f33305004495a9","hash":"0582f170627626562a335d5937262d9b73dd5eba"}
,"C:\\Users\\Usuario\\Desktop\\LIM012-fe-md-links\\src\\path.js": {"path":"C:\\Users\\Usuario\\Desktop\\LIM012-fe-md-links\\src\\path.js","statementMap":{"0":{"start":{"line":9,"column":13},"end":{"line":9,"column":28}},"1":{"start":{"line":10,"column":11},"end":{"line":10,"column":24}},"2":{"start":{"line":13,"column":22},"end":{"line":13,"column":53}},"3":{"start":{"line":13,"column":32},"end":{"line":13,"column":53}},"4":{"start":{"line":16,"column":28},"end":{"line":21,"column":1}},"5":{"start":{"line":17,"column":2},"end":{"line":19,"column":3}},"6":{"start":{"line":18,"column":4},"end":{"line":18,"column":30}},"7":{"start":{"line":20,"column":2},"end":{"line":20,"column":14}},"8":{"start":{"line":26,"column":20},"end":{"line":29,"column":1}},"9":{"start":{"line":27,"column":21},"end":{"line":27,"column":38}},"10":{"start":{"line":28,"column":2},"end":{"line":28,"column":34}},"11":{"start":{"line":33,"column":21},"end":{"line":46,"column":1}},"12":{"start":{"line":34,"column":15},"end":{"line":34,"column":48}},"13":{"start":{"line":35,"column":17},"end":{"line":35,"column":19}},"14":{"start":{"line":36,"column":27},"end":{"line":36,"column":47}},"15":{"start":{"line":37,"column":2},"end":{"line":44,"column":5}},"16":{"start":{"line":38,"column":26},"end":{"line":38,"column":47}},"17":{"start":{"line":39,"column":4},"end":{"line":43,"column":5}},"18":{"start":{"line":40,"column":6},"end":{"line":40,"column":62}},"19":{"start":{"line":42,"column":6},"end":{"line":42,"column":35}},"20":{"start":{"line":45,"column":2},"end":{"line":45,"column":18}},"21":{"start":{"line":49,"column":22},"end":{"line":57,"column":1}},"22":{"start":{"line":50,"column":14},"end":{"line":50,"column":16}},"23":{"start":{"line":51,"column":2},"end":{"line":55,"column":3}},"24":{"start":{"line":52,"column":4},"end":{"line":52,"column":94}},"25":{"start":{"line":52,"column":58},"end":{"line":52,"column":90}},"26":{"start":{"line":54,"column":4},"end":{"line":54,"column":46}},"27":{"start":{"line":56,"column":2},"end":{"line":56,"column":15}},"28":{"start":{"line":59,"column":0},"end":{"line":65,"column":2}}},"fnMap":{"0":{"name":"(anonymous_0)","decl":{"start":{"line":13,"column":22},"end":{"line":13,"column":23}},"loc":{"start":{"line":13,"column":32},"end":{"line":13,"column":53}},"line":13},"1":{"name":"(anonymous_1)","decl":{"start":{"line":16,"column":28},"end":{"line":16,"column":29}},"loc":{"start":{"line":16,"column":38},"end":{"line":21,"column":1}},"line":16},"2":{"name":"(anonymous_2)","decl":{"start":{"line":26,"column":20},"end":{"line":26,"column":21}},"loc":{"start":{"line":26,"column":30},"end":{"line":29,"column":1}},"line":26},"3":{"name":"(anonymous_3)","decl":{"start":{"line":33,"column":21},"end":{"line":33,"column":22}},"loc":{"start":{"line":33,"column":39},"end":{"line":46,"column":1}},"line":33},"4":{"name":"(anonymous_4)","decl":{"start":{"line":37,"column":27},"end":{"line":37,"column":28}},"loc":{"start":{"line":37,"column":37},"end":{"line":44,"column":3}},"line":37},"5":{"name":"(anonymous_5)","decl":{"start":{"line":49,"column":22},"end":{"line":49,"column":23}},"loc":{"start":{"line":49,"column":38},"end":{"line":57,"column":1}},"line":49},"6":{"name":"(anonymous_6)","decl":{"start":{"line":52,"column":44},"end":{"line":52,"column":45}},"loc":{"start":{"line":52,"column":58},"end":{"line":52,"column":90}},"line":52}},"branchMap":{"0":{"loc":{"start":{"line":17,"column":2},"end":{"line":19,"column":3}},"type":"if","locations":[{"start":{"line":17,"column":2},"end":{"line":19,"column":3}},{"start":{"line":17,"column":2},"end":{"line":19,"column":3}}],"line":17},"1":{"loc":{"start":{"line":39,"column":4},"end":{"line":43,"column":5}},"type":"if","locations":[{"start":{"line":39,"column":4},"end":{"line":43,"column":5}},{"start":{"line":39,"column":4},"end":{"line":43,"column":5}}],"line":39},"2":{"loc":{"start":{"line":51,"column":2},"end":{"line":55,"column":3}},"type":"if","locations":[{"start":{"line":51,"column":2},"end":{"line":55,"column":3}},{"start":{"line":51,"column":2},"end":{"line":55,"column":3}}],"line":51}},"s":{"0":2,"1":2,"2":2,"3":11,"4":2,"5":9,"6":5,"7":4,"8":2,"9":16,"10":16,"11":2,"12":4,"13":4,"14":4,"15":4,"16":11,"17":11,"18":1,"19":10,"20":4,"21":2,"22":6,"23":6,"24":5,"25":12,"26":1,"27":5,"28":2},"f":{"0":11,"1":9,"2":16,"3":4,"4":11,"5":6,"6":12},"b":{"0":[5,4],"1":[1,10],"2":[5,1]},"_coverageSchema":"1a1c01bbd47fc00a2c39e90264f33305004495a9","hash":"2c328b1487de92f6089732818fa6afa23fe0e99a"}
,"C:\\Users\\Usuario\\Desktop\\LIM012-fe-md-links\\test\\recursosOutputs.js": {"path":"C:\\Users\\Usuario\\Desktop\\LIM012-fe-md-links\\test\\recursosOutputs.js","statementMap":{"0":{"start":{"line":1,"column":13},"end":{"line":1,"column":28}},"1":{"start":{"line":2,"column":25},"end":{"line":5,"column":3}},"2":{"start":{"line":6,"column":24},"end":{"line":91,"column":3}},"3":{"start":{"line":92,"column":20},"end":{"line":147,"column":3}},"4":{"start":{"line":149,"column":22},"end":{"line":204,"column":3}},"5":{"start":{"line":205,"column":22},"end":{"line":282,"column":3}},"6":{"start":{"line":283,"column":23},"end":{"line":360,"column":3}},"7":{"start":{"line":361,"column":0},"end":{"line":368,"column":1}}},"fnMap":{},"branchMap":{},"s":{"0":1,"1":1,"2":1,"3":1,"4":1,"5":1,"6":1,"7":1},"f":{},"b":{},"_coverageSchema":"1a1c01bbd47fc00a2c39e90264f33305004495a9","hash":"87452c31e91b8e95e6553ec60e155790dfa9f9e6"}
}
