TN:
SF:src\cli.js
FN:2,(anonymous_0)
FN:4,(anonymous_1)
FN:10,(anonymous_2)
FN:12,(anonymous_3)
FNF:4
FNH:4
FNDA:2,(anonymous_0)
FNDA:7,(anonymous_1)
FNDA:1,(anonymous_2)
FNDA:4,(anonymous_3)
DA:2,1
DA:3,2
DA:4,7
DA:5,2
DA:10,1
DA:11,1
DA:12,4
DA:13,1
DA:19,1
LF:9
LH:9
BRDA:12,0,0,4
BRDA:12,0,1,4
BRF:2
BRH:2
end_of_record
TN:
SF:src\md-links.js
FN:12,(anonymous_0)
FN:15,(anonymous_1)
FN:17,(anonymous_2)
FN:18,(anonymous_3)
FN:19,(anonymous_4)
FN:21,(anonymous_5)
FN:24,(anonymous_6)
FN:39,(anonymous_7)
FN:40,(anonymous_8)
FN:40,(anonymous_9)
FN:43,(anonymous_10)
FN:48,(anonymous_11)
FN:54,(anonymous_12)
FN:61,(anonymous_13)
FN:61,(anonymous_14)
FN:74,(anonymous_15)
FNF:16
FNH:16
FNDA:62,(anonymous_0)
FNDA:5,(anonymous_1)
FNDA:6,(anonymous_2)
FNDA:6,(anonymous_3)
FNDA:6,(anonymous_4)
FNDA:6,(anonymous_5)
FNDA:61,(anonymous_6)
FNDA:2,(anonymous_7)
FNDA:22,(anonymous_8)
FNDA:22,(anonymous_9)
FNDA:20,(anonymous_10)
FNDA:2,(anonymous_11)
FNDA:2,(anonymous_12)
FNDA:4,(anonymous_13)
FNDA:4,(anonymous_14)
FNDA:4,(anonymous_15)
DA:3,1
DA:4,1
DA:5,1
DA:6,1
DA:7,1
DA:10,1
DA:12,62
DA:15,1
DA:16,5
DA:17,5
DA:18,6
DA:19,6
DA:20,6
DA:21,6
DA:22,6
DA:23,6
DA:24,6
DA:25,61
DA:30,61
DA:32,6
DA:34,6
DA:36,5
DA:39,1
DA:40,22
DA:41,22
DA:42,22
DA:44,20
DA:45,20
DA:46,20
DA:49,2
DA:50,2
DA:51,2
DA:54,2
DA:61,4
DA:62,4
DA:63,4
DA:64,4
DA:65,2
DA:67,2
DA:69,4
DA:70,2
DA:72,2
DA:74,4
DA:80,1
LF:44
LH:44
BRDA:64,0,0,2
BRDA:64,0,1,2
BRDA:69,1,0,2
BRDA:69,1,1,2
BRF:4
BRH:4
end_of_record
TN:
SF:src\path.js
FN:13,(anonymous_0)
FN:16,(anonymous_1)
FN:26,(anonymous_2)
FN:33,(anonymous_3)
FN:37,(anonymous_4)
FN:49,(anonymous_5)
FN:52,(anonymous_6)
FNF:7
FNH:7
FNDA:11,(anonymous_0)
FNDA:9,(anonymous_1)
FNDA:16,(anonymous_2)
FNDA:4,(anonymous_3)
FNDA:11,(anonymous_4)
FNDA:6,(anonymous_5)
FNDA:12,(anonymous_6)
DA:9,2
DA:10,2
DA:13,11
DA:16,2
DA:17,9
DA:18,5
DA:20,4
DA:26,2
DA:27,16
DA:28,16
DA:33,2
DA:34,4
DA:35,4
DA:36,4
DA:37,4
DA:38,11
DA:39,11
DA:40,1
DA:42,10
DA:45,4
DA:49,2
DA:50,6
DA:51,6
DA:52,12
DA:54,1
DA:56,5
DA:59,2
LF:27
LH:27
BRDA:17,0,0,5
BRDA:17,0,1,4
BRDA:39,1,0,1
BRDA:39,1,1,10
BRDA:51,2,0,5
BRDA:51,2,1,1
BRF:6
BRH:6
end_of_record
TN:
SF:test\recursosOutputs.js
FNF:0
FNH:0
DA:1,1
DA:2,1
DA:6,1
DA:92,1
DA:149,1
DA:205,1
DA:283,1
DA:361,1
LF:8
LH:8
BRF:0
BRH:0
end_of_record
