TN:
SF:bin\md-linksMain.js
FN:8,(anonymous_0)
FN:8,(anonymous_1)
FNF:2
FNH:2
FNDA:6,(anonymous_0)
FNDA:6,(anonymous_1)
DA:2,1
DA:5,1
DA:6,1
DA:8,6
DA:9,6
DA:10,6
DA:11,6
DA:12,6
DA:13,6
DA:14,3
DA:15,2
DA:17,1
DA:20,3
DA:28,1
LF:14
LH:14
BRDA:10,0,0,1
BRDA:10,0,1,5
BRDA:11,1,0,4
BRDA:11,1,1,2
BRDA:13,2,0,3
BRDA:13,2,1,3
BRDA:14,3,0,2
BRDA:14,3,1,1
BRF:8
BRH:8
end_of_record
TN:
SF:lib\cli.js
FN:2,(anonymous_0)
FN:4,(anonymous_1)
FN:10,(anonymous_2)
FN:12,(anonymous_3)
FNF:4
FNH:4
FNDA:2,(anonymous_0)
FNDA:7,(anonymous_1)
FNDA:1,(anonymous_2)
FNDA:4,(anonymous_3)
DA:2,1
DA:3,2
DA:4,7
DA:5,2
DA:10,1
DA:11,1
DA:12,4
DA:13,1
DA:19,1
LF:9
LH:9
BRDA:12,0,0,4
BRDA:12,0,1,4
BRF:2
BRH:2
end_of_record
TN:
SF:lib\md-links.js
FN:8,(anonymous_0)
FN:11,(anonymous_1)
FN:14,(anonymous_2)
FN:26,(anonymous_3)
FN:28,(anonymous_4)
FN:29,(anonymous_5)
FN:30,(anonymous_6)
FNF:7
FNH:7
FNDA:79,(anonymous_0)
FNDA:7,(anonymous_1)
FNDA:78,(anonymous_2)
FNDA:6,(anonymous_3)
FNDA:7,(anonymous_4)
FNDA:7,(anonymous_5)
FNDA:7,(anonymous_6)
DA:3,1
DA:4,1
DA:5,1
DA:6,1
DA:8,79
DA:11,1
DA:12,7
DA:13,7
DA:14,7
DA:15,78
DA:20,78
DA:22,7
DA:26,1
DA:27,6
DA:28,6
DA:29,7
DA:30,7
DA:31,7
DA:32,7
DA:34,6
DA:38,1
LF:21
LH:21
BRF:0
BRH:0
end_of_record
TN:
SF:lib\path.js
FN:6,(anonymous_0)
FN:8,(anonymous_1)
FN:11,(anonymous_2)
FN:14,(anonymous_3)
FN:18,(anonymous_4)
FN:30,(anonymous_5)
FN:33,(anonymous_6)
FNF:7
FNH:7
FNDA:20,(anonymous_0)
FNDA:12,(anonymous_1)
FNDA:22,(anonymous_2)
FNDA:6,(anonymous_3)
FNDA:15,(anonymous_4)
FNDA:7,(anonymous_5)
FNDA:14,(anonymous_6)
DA:2,2
DA:3,2
DA:6,20
DA:8,12
DA:11,22
DA:14,2
DA:15,6
DA:16,6
DA:17,6
DA:18,6
DA:19,15
DA:20,15
DA:21,14
DA:23,1
DA:26,6
DA:30,2
DA:31,7
DA:32,7
DA:33,14
DA:35,7
DA:38,2
LF:21
LH:21
BRDA:8,0,0,6
BRDA:8,0,1,6
BRDA:20,1,0,14
BRDA:20,1,1,1
BRDA:32,2,0,6
BRDA:32,2,1,1
BRF:6
BRH:6
end_of_record
TN:
SF:lib\urlValidate.js
FN:5,(anonymous_0)
FN:6,(anonymous_1)
FN:6,(anonymous_2)
FN:9,(anonymous_3)
FN:14,(anonymous_4)
FN:20,(anonymous_5)
FNF:6
FNH:6
FNDA:2,(anonymous_0)
FNDA:24,(anonymous_1)
FNDA:24,(anonymous_2)
FNDA:22,(anonymous_3)
FNDA:2,(anonymous_4)
FNDA:2,(anonymous_5)
DA:3,1
DA:5,1
DA:6,24
DA:7,24
DA:8,24
DA:10,22
DA:11,22
DA:12,22
DA:15,2
DA:16,2
DA:17,2
DA:20,2
DA:22,1
LF:13
LH:13
BRF:0
BRH:0
end_of_record
TN:
SF:test\recursosOutputs.js
FNF:0
FNH:0
DA:1,1
DA:2,1
DA:6,1
DA:97,1
DA:159,1
DA:220,1
DA:305,1
DA:390,1
LF:8
LH:8
BRF:0
BRH:0
end_of_record
